<?xml version="1.0" encoding="UTF-8"?>
<testng-results ignored="0" total="1" passed="1" failed="0" skipped="0">
  <reporter-output>
  </reporter-output>
  <suite started-at="2024-06-18T15:04:19 IST" name="Suite" finished-at="2024-06-18T15:04:40 IST" duration-ms="21659">
    <groups>
      <group name="regression">
        <method signature="LoginTest.verifyTheUserAbleToLoginValidCredentials()[pri:0, instance:testscript.LoginTest@205d38da]" name="verifyTheUserAbleToLoginValidCredentials" class="testscript.LoginTest"/>
      </group> <!-- regression -->
    </groups>
    <test started-at="2024-06-18T15:04:19 IST" name="TestNG.xml" finished-at="2024-06-18T15:04:40 IST" duration-ms="21659">
      <class name="testscript.LoginTest">
        <test-method is-config="true" signature="intializeBrowser(java.lang.String)[pri:0, instance:testscript.LoginTest@205d38da]" started-at="2024-06-18T15:04:19 IST" name="intializeBrowser" finished-at="2024-06-18T15:04:34 IST" duration-ms="14846" status="PASS">
          <params>
            <param index="0">
              <value>
                <![CDATA[chrome]]>
              </value>
            </param>
          </params>
          <reporter-output>
          </reporter-output>
        </test-method> <!-- intializeBrowser -->
        <test-method signature="verifyTheUserAbleToLoginValidCredentials()[pri:0, instance:testscript.LoginTest@205d38da]" started-at="2024-06-18T15:04:34 IST" name="verifyTheUserAbleToLoginValidCredentials" description="verify user is able to login valid crenditials" finished-at="2024-06-18T15:04:40 IST" duration-ms="6652" status="PASS">
          <reporter-output>
          </reporter-output>
        </test-method> <!-- verifyTheUserAbleToLoginValidCredentials -->
      </class> <!-- testscript.LoginTest -->
    </test> <!-- TestNG.xml -->
  </suite> <!-- Suite -->
</testng-results>
