<?xml version="1.0" encoding="UTF-8"?>
<!-- Generated by org.testng.reporters.JUnitXMLReporter -->
<testsuite ignored="5" hostname="DESKTOP-D9EGN3G" failures="0" tests="0" time="0.045" errors="0" timestamp="2024-06-18T16:13:48 IST">
  <testcase classname="testscript.LoginTest" name="verifyTheInvalidUsername" time="0.0">
    <ignored/>
  </testcase> <!-- verifyTheInvalidUsername -->
  <testcase classname="testscript.ManageNewsTest" name="verifyTheUserAbleToLoginValidCredentials" time="0.0">
    <ignored/>
  </testcase> <!-- verifyTheUserAbleToLoginValidCredentials -->
  <testcase classname="testscript.LoginTest" name="verifyTheInvalidPassword" time="0.0">
    <ignored/>
  </testcase> <!-- verifyTheInvalidPassword -->
  <testcase classname="testscript.LoginTest" name="verifyTheUserAbleToLoginValidCredentials" time="0.0">
    <ignored/>
  </testcase> <!-- verifyTheUserAbleToLoginValidCredentials -->
  <testcase classname="testscript.LoginTest" name="verifyTheInvalidCredentials" time="0.0">
    <ignored/>
  </testcase> <!-- verifyTheInvalidCredentials -->
</testsuite>
