<?xml version="1.0" encoding="UTF-8"?>
<!-- Generated by org.testng.reporters.JUnitXMLReporter -->
<testsuite ignored="3" hostname="DESKTOP-D9EGN3G" failures="0" tests="1" name="Chrome test" time="17.785" errors="0" timestamp="2024-06-17T12:07:56 IST">
  <testcase classname="testscript.LoginTest" name="verifyTheInvalidPassword" time="3.693"/>
  <testcase classname="testscript.LoginTest" name="verifyTheInvalidUsername" time="0.0">
    <ignored/>
  </testcase> <!-- verifyTheInvalidUsername -->
  <testcase classname="testscript.LoginTest" name="verifyTheUserAbleToLoginValidCredentials" time="0.0">
    <ignored/>
  </testcase> <!-- verifyTheUserAbleToLoginValidCredentials -->
  <testcase classname="testscript.LoginTest" name="verifyTheInvalidCredentials" time="0.0">
    <ignored/>
  </testcase> <!-- verifyTheInvalidCredentials -->
</testsuite> <!-- Chrome test -->
