<?xml version="1.0" encoding="UTF-8"?>
<!-- Generated by org.testng.reporters.JUnitXMLReporter -->
<testsuite ignored="3" hostname="DESKTOP-D9EGN3G" failures="0" tests="1" name="Chrome test" time="13.903" errors="0" timestamp="2024-06-14T19:34:11 IST">
  <testcase classname="testscript.LoginTest" name="verifyTheUserAbleToLoginValidCredentials" time="3.741"/>
  <testcase classname="testscript.LoginTest" name="verifyTheInvalidUsername" time="0.0">
    <ignored/>
  </testcase> <!-- verifyTheInvalidUsername -->
  <testcase classname="testscript.LoginTest" name="verifyTheInvalidCredentials" time="0.0">
    <ignored/>
  </testcase> <!-- verifyTheInvalidCredentials -->
  <testcase classname="testscript.LoginTest" name="verifyTheInvalidPassword" time="0.0">
    <ignored/>
  </testcase> <!-- verifyTheInvalidPassword -->
</testsuite> <!-- Chrome test -->
