<?xml version="1.0" encoding="UTF-8"?>
<!-- Generated by org.testng.reporters.JUnitXMLReporter -->
<testsuite ignored="0" hostname="DESKTOP-D9EGN3G" failures="0" tests="4" name="Test" time="43.531" errors="0" timestamp="2024-06-11T15:26:05 IST">
  <testcase classname="testscript.LoginTest" name="verifyTheInvalidCredentials" time="1.887"/>
  <testcase classname="testscript.LoginTest" name="verifyTheInvalidPassword" time="1.785"/>
  <testcase classname="testscript.LoginTest" name="verifyTheInvalidUsername" time="1.241"/>
  <testcase classname="testscript.LoginTest" name="verifyTheUserAbleToLoginValidCredentials" time="5.555"/>
</testsuite> <!-- Test -->
