<?xml version="1.0" encoding="UTF-8"?>
<!-- Generated by org.testng.reporters.JUnitXMLReporter -->
<testsuite ignored="3" hostname="DESKTOP-D9EGN3G" failures="0" tests="1" name="TestNG.xml" time="21.659" errors="0" timestamp="2024-06-18T15:04:42 IST">
  <testcase classname="testscript.LoginTest" name="verifyTheUserAbleToLoginValidCredentials" time="6.652"/>
  <testcase classname="testscript.LoginTest" name="verifyTheInvalidPassword" time="0.0">
    <ignored/>
  </testcase> <!-- verifyTheInvalidPassword -->
  <testcase classname="testscript.LoginTest" name="verifyTheInvalidUsername" time="0.0">
    <ignored/>
  </testcase> <!-- verifyTheInvalidUsername -->
  <testcase classname="testscript.LoginTest" name="verifyTheInvalidCredentials" time="0.0">
    <ignored/>
  </testcase> <!-- verifyTheInvalidCredentials -->
</testsuite> <!-- TestNG.xml -->
